{
  "stats": {
    "suites": 1,
    "tests": 1,
    "passes": 1,
    "pending": 0,
    "failures": 0,
    "start": "2023-01-09T12:43:16.850Z",
    "end": "2023-01-09T12:43:16.933Z",
    "duration": 83,
    "testsRegistered": 1,
    "passPercent": 100,
    "pendingPercent": 0,
    "other": 0,
    "hasOther": false,
    "skipped": 0,
    "hasSkipped": false
  },
  "results": [
    {
      "uuid": "913ab682-fb76-467d-85ce-af949f54981b",
      "title": "",
      "fullFile": "cypress\\e2e\\spec.cy.js",
      "file": "cypress\\e2e\\spec.cy.js",
      "beforeHooks": [],
      "afterHooks": [],
      "tests": [],
      "suites": [
        {
          "uuid": "760d6718-0874-4f4a-9c3c-ae804aa5dc47",
          "title": "Maintenance Release Suite",
          "fullFile": "",
          "file": "",
          "beforeHooks": [],
          "afterHooks": [],
          "tests": [
            {
              "title": "Deployment of applications",
              "fullTitle": "Maintenance Release Suite Deployment of applications",
              "timedOut": null,
              "duration": 37,
              "state": "passed",
              "speed": "fast",
              "pass": true,
              "fail": false,
              "pending": false,
              "context": null,
              "code": "/*//Login to application\nloginPage.login('http://localhost:4516/', 'admin', 'admin')\n  //Create Localhost Windows Infrastructure\nvar infraName = infraPage.createInfra()\ncy.log(\"Infrastructure Name:\" + infraName)\n  //Create Environment with the infrastrucutre created\nvar envName = envPage.createEnv(infraName)\ncy.log(\"Environment Name:\" + envName)\n  //Create Application\nvar appName = appPage.createApp()\nvar appDepPkgName = appPage.createAppDepPkg(appName)\nvar cmd1 = \"systeminfo\"\nvar appCmdExe = appPage.createAppCmdExe(appName, appDepPkgName,cmd1)\n  //Deploy Application\ndeployApplicationPage.deployApplication(appName, envName)\ndeployApplicationPage.undeployApplication(appName, envName)*/",
              "err": {},
              "uuid": "56fbe4b9-4493-497d-b2f2-b10b17d75707",
              "parentUUID": "760d6718-0874-4f4a-9c3c-ae804aa5dc47",
              "isHook": false,
              "skipped": false
            }
          ],
          "suites": [],
          "passes": [
            "56fbe4b9-4493-497d-b2f2-b10b17d75707"
          ],
          "failures": [],
          "pending": [],
          "skipped": [],
          "duration": 37,
          "root": false,
          "rootEmpty": false,
          "_timeout": 2000
        }
      ],
      "passes": [],
      "failures": [],
      "pending": [],
      "skipped": [],
      "duration": 0,
      "root": true,
      "rootEmpty": true,
      "_timeout": 2000
    }
  ],
  "meta": {
    "mocha": {
      "version": "7.0.1"
    },
    "mochawesome": {
      "options": {
        "quiet": false,
        "reportFilename": "mochawesome",
        "saveHtml": true,
        "saveJson": true,
        "consoleReporter": "spec",
        "useInlineDiffs": false,
        "code": true
      },
      "version": "7.1.3"
    },
    "marge": {
      "options": {
        "id": "default",
        "reportDir": "cypress/results/json",
        "overwrite": false,
        "html": true,
        "json": true,
        "charts": true
      },
      "version": "6.2.0"
    }
  }
}