{
  "stats": {
    "suites": 1,
    "tests": 12,
    "passes": 9,
    "pending": 2,
    "failures": 1,
    "start": "2023-01-09T13:10:50.484Z",
    "end": "2023-01-09T13:18:56.535Z",
    "duration": 486051,
    "testsRegistered": 14,
    "passPercent": 75,
    "pendingPercent": 14.285714285714285,
    "other": 2,
    "hasOther": true,
    "skipped": 2,
    "hasSkipped": true
  },
  "results": [
    {
      "uuid": "64f48589-6aba-46ad-9c1a-8adbb20fd0b4",
      "title": "",
      "fullFile": "cypress\\e2e\\sanityTest.cy.js",
      "file": "cypress\\e2e\\sanityTest.cy.js",
      "beforeHooks": [],
      "afterHooks": [],
      "tests": [],
      "suites": [
        {
          "uuid": "c95e5034-4c06-4a93-a977-9812a19814a0",
          "title": "Maintenance Release Suite",
          "fullFile": "",
          "file": "",
          "beforeHooks": [],
          "afterHooks": [],
          "tests": [
            {
              "title": "TC: 1 - Verify login screen customization with message",
              "fullTitle": "Maintenance Release Suite TC: 1 - Verify login screen customization with message",
              "timedOut": null,
              "duration": 15367,
              "state": "passed",
              "speed": "slow",
              "pass": true,
              "fail": false,
              "pending": false,
              "context": null,
              "code": "//Navigate to Settings page and add login screen message\nciExplorerSideBarModule.navigateToSettings();\nsettingsModule.addLoginScreenMessage(\"Test\");\nloginModule.logout();\ncy.get('.auth-message').contains(\"Test\");",
              "err": {},
              "uuid": "ec738c5f-3b28-45ad-b8f5-d815c397b87c",
              "parentUUID": "c95e5034-4c06-4a93-a977-9812a19814a0",
              "isHook": false,
              "skipped": false
            },
            {
              "title": "TC: 2 - XLD-Deployment:Verify that admin user can not delete admin user",
              "fullTitle": "Maintenance Release Suite TC: 2 - XLD-Deployment:Verify that admin user can not delete admin user",
              "timedOut": null,
              "duration": 8047,
              "state": "passed",
              "speed": "medium",
              "pass": true,
              "fail": false,
              "pending": false,
              "context": null,
              "code": "ciExplorerSideBarModule.navigateToExplorer();\nciExplorerSideBarModule.navigateToUserManagement();\ncy.get('table tbody tr').filter(':has(td:nth-child(1):contains(\"admin\"))').filter(':has(td:nth-child(2):contains(\"Edit\"))').and('not.include.text', \"Delete\").and('include.text', \"Edit\");",
              "err": {},
              "uuid": "dafba20e-a799-4abe-a15a-3c21a50406c6",
              "parentUUID": "c95e5034-4c06-4a93-a977-9812a19814a0",
              "isHook": false,
              "skipped": false
            },
            {
              "title": "TC: 3 - Verify is stitch section is displayed",
              "fullTitle": "Maintenance Release Suite TC: 3 - Verify is stitch section is displayed",
              "timedOut": null,
              "duration": 7169,
              "state": "passed",
              "speed": "medium",
              "pass": true,
              "fail": false,
              "pending": false,
              "context": null,
              "code": "ciExplorerSideBarModule.navigateToExplorer();\ncy.get(ciExplorerSidebarPage.titleStitch).contains('Stitch');\ncy.get(ciExplorerSidebarPage.listRulesandMacros).contains('Rules and Macros');\ncy.get(ciExplorerSidebarPage.listGitOps).contains('GitOps');\ncy.get(ciExplorerSidebarPage.listLocalSources).contains('Local sources');",
              "err": {},
              "uuid": "1403823d-bf46-49da-a0c4-af91c25b9f70",
              "parentUUID": "c95e5034-4c06-4a93-a977-9812a19814a0",
              "isHook": false,
              "skipped": false
            },
            {
              "title": "TC: 4 - XLD-Validate settings tab for deploy",
              "fullTitle": "Maintenance Release Suite TC: 4 - XLD-Validate settings tab for deploy",
              "timedOut": null,
              "duration": 15333,
              "state": "passed",
              "speed": "slow",
              "pass": true,
              "fail": false,
              "pending": false,
              "context": null,
              "code": "//Navigate to Settings\nciExplorerSideBarModule.navigateToSettings(); //Change Header color\ncy.get(settingsPage.textColor).click();\ncy.get(settingsPage.selectColor).click(); //Add Instance Name and verify its available in top left side\ncy.get(settingsPage.inputInstanceName).clear().type(\"xlr_prod\");\ncy.get(settingsPage.buttonSave).contains('Save').click();\ncy.get(settingsPage.labelHeader).contains('xlr_prod');",
              "err": {},
              "uuid": "5809af65-4695-4be6-90af-1201755d86ce",
              "parentUUID": "c95e5034-4c06-4a93-a977-9812a19814a0",
              "isHook": false,
              "skipped": false
            },
            {
              "title": "TC: 5 - Verify Logo file is displayed in settings tab",
              "fullTitle": "Maintenance Release Suite TC: 5 - Verify Logo file is displayed in settings tab",
              "timedOut": null,
              "duration": 23472,
              "state": "passed",
              "speed": "slow",
              "pass": true,
              "fail": false,
              "pending": false,
              "context": null,
              "code": "//Navigate to Settings page, check save button disabled and digital ai image logo displayed\nciExplorerSideBarModule.navigateToSettings();\ncy.get(settingsPage.buttonSave).contains('Save').should('be.disabled');\ncy.get('div').find('img').should('have.attr', 'src').should('include', 'ciExplorerDist/libs/images/deploy-logo-5506ebfd2a8b504f81b5ba636d1746ca.svg'); //New logo file to be uploaded and displayed\nconst filepath = 'cypress/fixtures/test1.jpg';\nsettingsModule.uploadLogoFile(filepath);\nsettingsModule.clearLogoFile();",
              "err": {},
              "uuid": "1b4a855c-d17e-422a-8110-1481df120195",
              "parentUUID": "c95e5034-4c06-4a93-a977-9812a19814a0",
              "isHook": false,
              "skipped": false
            },
            {
              "title": "TC: 6 - Verify Features is present in settings tab",
              "fullTitle": "Maintenance Release Suite TC: 6 - Verify Features is present in settings tab",
              "timedOut": null,
              "duration": 17830,
              "state": "passed",
              "speed": "slow",
              "pass": true,
              "fail": false,
              "pending": false,
              "context": null,
              "code": "//Navigate to User Management\nciExplorerSideBarModule.navigateToSettings();\nciExplorerSideBarModule.navigateToFeatures();\ncy.wait(3000);\ncy.get(settingsPage.checkAnalyticsGuidance).uncheck().should('not.be.checked');\ncy.get(settingsPage.checkAllowUsersOptOut).check().should('be.checked');\ncy.get(settingsPage.buttonFeaturesSave).contains('Save').click({\n  force: true\n});\ncy.wait(3000);\ncy.get(loginPage.buttonAvatar).click({\n  force: true\n});\ncy.get(settingsPage.linkUserProfile).click({\n  force: true\n});\ncy.get(settingsPage.titleProductAnalyticsGuidance).contains('Product analytics and guidance');\ncy.get(settingsPage.checkUserProfileAnalyticsGuidance).should('be.checked');",
              "err": {},
              "uuid": "afce9178-2a29-4545-b7dd-e98061431484",
              "parentUUID": "c95e5034-4c06-4a93-a977-9812a19814a0",
              "isHook": false,
              "skipped": false
            },
            {
              "title": "TC: 7 - Verify list displayed in settings icons perform actions as expected",
              "fullTitle": "Maintenance Release Suite TC: 7 - Verify list displayed in settings icons perform actions as expected",
              "timedOut": null,
              "duration": 14211,
              "state": "passed",
              "speed": "slow",
              "pass": true,
              "fail": false,
              "pending": false,
              "context": null,
              "code": "//List under settings is displayed as expected\ncy.get(ciExplorerSidebarPage.iconSettings).click({\n  force: true\n});\ncy.get(settingsPage.menuSettings).contains('Settings');\ncy.get(settingsPage.menuSettingsRenewLicense).contains('Renew license');\ncy.get(settingsPage.menuSettingsViewAs).contains('View as');\ncy.get(settingsPage.menuSettingsMaintenanceMode).contains('Maintenance mode');\ncy.get(settingsPage.menuSettingsAbout).contains('About');\ncy.get(settingsPage.menuSettingsSysInfo).contains('System information'); //About and system information displays as expected\ncy.get(settingsPage.linkAbout).click({\n  force: true\n});\ncy.window().then(function (p) {\n  cy.get(settingsPage.titleAbout).contains('About');\n  cy.get(settingsPage.textServerVersion).contains('Server version:');\n  cy.get(settingsPage.iconCloseAboutWindow).click({\n    force: true\n  });\n});\ncy.get(ciExplorerSidebarPage.iconSettings).click({\n  force: true\n});\ncy.get(settingsPage.menuSettingsSysInfo).click({\n  force: true\n});\ncy.window().then(function (p) {\n  cy.get(settingsPage.titleSysInfo).contains('System information');\n  cy.get(settingsPage.textSysInfo).contains('Deploy system information');\n  cy.get(settingsPage.iconCloseAboutWindow).click({\n    force: true\n  });\n}); //Check help link and docs page working\ncy.get(settingsPage.iconHelp).click({\n  force: true\n});\ncy.get(settingsPage.linkOnlineDoc).should('have.attr', 'href', 'https://docs.xebialabs.com');",
              "err": {},
              "uuid": "34627e23-b525-46ef-b0fd-0c989313d3eb",
              "parentUUID": "c95e5034-4c06-4a93-a977-9812a19814a0",
              "isHook": false,
              "skipped": false
            },
            {
              "title": "TC: 8 - XLD-Verify that User with deploy_admin_read_only role shall have view permission for XLD",
              "fullTitle": "Maintenance Release Suite TC: 8 - XLD-Verify that User with deploy_admin_read_only role shall have view permission for XLD",
              "timedOut": null,
              "duration": 68683,
              "state": "failed",
              "speed": null,
              "pass": false,
              "fail": true,
              "pending": false,
              "context": null,
              "code": "//Create User, Role, Assign Role to user and give deploy permissions\nciExplorerSideBarModule.navigateToExplorer();\nciExplorerSideBarModule.navigateToUserManagement();\nvar userName = userManagementModule.addUser();\nuserManagementModule.navigateToRoles();\nuserManagementModule.assigndeployAdminReadRoleToUser(userName); //Logout and login as non admin user\nloginModule.logout();\nvar password = userName + \"U1\";\nloginModule.login('http://localhost:4516/', userName, password);\ncy.get(settingsPage.iconClosePendo).click({\n  force: true\n});\ncy.wait(5000);\nvar checkAppPermissions = appModule.checkAppPermissions(); //re-login as admin and unassign the permissions\nloginModule.logout();\nloginModule.login('http://localhost:4516/', 'admin', 'admin');\nciExplorerSideBarModule.navigateToExplorer();\nciExplorerSideBarModule.navigateToUserManagement();\nuserManagementModule.navigateToRoles();\nuserManagementModule.unassigndeployAdminReadRoleToUser();",
              "err": {
                "message": "AssertionError: Timed out retrying after 25000ms: Expected to find element: `._pendo-close-guide`, but never found it.",
                "estack": "AssertionError: Timed out retrying after 25000ms: Expected to find element: `._pendo-close-guide`, but never found it.\n    at ./cypress/e2e/sanityTest.cy.js/ (webpack:///./cypress/e2e/sanityTest.cy.js:158:11)\n    at ../driver/src/cypress/cy.ts/setRunnable/runnable.fn (http://localhost:4516/__cypress/runner/cypress_runner.js:157861:43)\n    at callFn (http://localhost:4516/__cypress/runner/cypress_runner.js:107989:21)\n    at ../driver/src/cypress/runner.ts/create/onRunnableRun (http://localhost:4516/__cypress/runner/cypress_runner.js:165247:30)\n    at finallyHandler (http://localhost:4516/__cypress/runner/cypress_runner.js:7881:23)\n    at tryCatcher (http://localhost:4516/__cypress/runner/cypress_runner.js:11327:23)\n    at ../../node_modules/bluebird/js/release/promise.js/</module.exports/Promise.prototype._settlePromiseFromHandler (http://localhost:4516/__cypress/runner/cypress_runner.js:9262:31)\n    at ../../node_modules/bluebird/js/release/promise.js/</module.exports/Promise.prototype._settlePromise (http://localhost:4516/__cypress/runner/cypress_runner.js:9319:18)\n    at ../../node_modules/bluebird/js/release/promise.js/</module.exports/Promise.prototype._settlePromise0 (http://localhost:4516/__cypress/runner/cypress_runner.js:9364:10)\n    at ../../node_modules/bluebird/js/release/promise.js/</module.exports/Promise.prototype._settlePromises (http://localhost:4516/__cypress/runner/cypress_runner.js:9444:18)\n    at _drainQueueStep (http://localhost:4516/__cypress/runner/cypress_runner.js:6034:12)\n    at _drainQueue (http://localhost:4516/__cypress/runner/cypress_runner.js:6027:24)\n    at ../../node_modules/bluebird/js/release/async.js/</Async.prototype._drainQueues (http://localhost:4516/__cypress/runner/cypress_runner.js:6043:16)\n    at ../../node_modules/bluebird/js/release/async.js/</Async/this.drainQueues (http://localhost:4516/__cypress/runner/cypress_runner.js:5913:14)",
                "diff": null
              },
              "uuid": "58d23484-82bf-4b9c-b8b9-c11ab170d00c",
              "parentUUID": "c95e5034-4c06-4a93-a977-9812a19814a0",
              "isHook": false,
              "skipped": false
            },
            {
              "title": "TC: 9 - Verify if plugins can be installed",
              "fullTitle": "Maintenance Release Suite TC: 9 - Verify if plugins can be installed",
              "timedOut": null,
              "duration": 0,
              "state": "pending",
              "speed": null,
              "pass": false,
              "fail": false,
              "pending": false,
              "context": null,
              "code": "//Navigate to User Management\nciExplorerSideBarModule.navigateToExplorer();\nciExplorerSideBarModule.navigateToPlugins();\ncy.wait(3000);\ncy.get(ciExplorerSidebarPage.buttonPluginsInstall).click({\n  force: true\n});\ncy.wait(3000);",
              "err": {},
              "uuid": "23cb7b92-bc4c-4ccd-acc0-48737c420a11",
              "parentUUID": "c95e5034-4c06-4a93-a977-9812a19814a0",
              "isHook": false,
              "skipped": true
            },
            {
              "title": "TC: 10 - XLD-Applications:Create CMD application package and TC: 11 - XLD-Deployment:Update deployment and verify the task",
              "fullTitle": "Maintenance Release Suite TC: 10 - XLD-Applications:Create CMD application package and TC: 11 - XLD-Deployment:Update deployment and verify the task",
              "timedOut": null,
              "duration": 207547,
              "state": "passed",
              "speed": "slow",
              "pass": true,
              "fail": false,
              "pending": false,
              "context": null,
              "code": "//Create Localhost Windows Infrastructure\nvar infraName = infraModule.createInfra();\ncy.log(\"Infrastructure Name:\" + infraName); //Create Environment with the infrastrucutre created\nvar envName = envModule.createEnv(infraName); //Create Application\nvar appName = appModule.createApp();\nvar appDepPkgName = appModule.createAppDepPkg(appName);\nvar cmd1 = \"systeminfo\";\nvar appCmdExe = appModule.createAppCmdExe(appName, appDepPkgName, cmd1);\nvar appDepPkgUpgradeName = appModule.createAppDepPkgUpgrade(appName);\nvar cmd2 = \"dir\";\nvar appCmdExeForUpgrade = appModule.createAppCmdExeForUpgrade(appName, appDepPkgUpgradeName, cmd2); //Rollback Application\ndeployApplicationModule.rollbackApplication(appName, envName, appDepPkgName); //Deploy Application\ndeployApplicationModule.deployApplication(appName, envName, appDepPkgName); //Upgrade Application\ndeployApplicationModule.upgradeApplication(appName, envName, appDepPkgUpgradeName); //Undeploy Application\ndeployApplicationModule.undeployApplication(appName, envName);",
              "err": {},
              "uuid": "ddec9090-e4ab-4d42-8e15-3095743552d4",
              "parentUUID": "c95e5034-4c06-4a93-a977-9812a19814a0",
              "isHook": false,
              "skipped": false
            },
            {
              "title": "TC: 6 - XLD-Monitoring_control all task should display only tasks with permission",
              "fullTitle": "Maintenance Release Suite TC: 6 - XLD-Monitoring_control all task should display only tasks with permission",
              "timedOut": null,
              "duration": 0,
              "state": "pending",
              "speed": null,
              "pass": false,
              "fail": false,
              "pending": false,
              "context": null,
              "code": "//Create User, Role, Assign Role to user and give deploy permissions\nciExplorerSideBarModule.navigateToExplorer();\nciExplorerSideBarModule.navigateToUserManagement();\nvar userName = userManagementModule.addUser();\nuserManagementModule.navigateToRoles();\nvar roleName = userManagementModule.addRoleToUser(userName); //give local permissions for infra, environment and application.\ncy.wait(3000);\nciExplorerSideBarModule.navigateToExplorerFromUserManagement();\ninfraModule.assignInfraPermissionsToRole(roleName);\nenvModule.assignEnvPermissionsToRole(roleName);\nenvModule.assignAppPermissionsToRole(roleName); //give global permissions for login and report view\nciExplorerSideBarModule.navigateToUserManagement();\nuserManagementModule.navigateToPermissions();\nuserManagementModule.assignLoginAndReportPermissionsToRole(roleName); //Navigate to infrastructure and create a new directory 'test'.\nciExplorerSideBarModule.navigateToExplorerFromUserManagement();\ncy.wait(3000);\nvar infraDirName = infraModule.createInfraDirectory();\ncy.log(\"Infrastructure Name:\" + infraDirName);\ninfraModule.navigateToInfraDirectory(infraDirName); //Give permissions to the user for the directory\n//userManagementPage.assignInfraDirPerToRole(roleName)\n//Create a new infrastructure globally.\nvar infraName = infraModule.createInfra(); //Create a new infrastructure inside the directory.\nvar localInfraName = infraModule.createInfraInsideDirectory(infraDirName); //Execute control task for global infra\ninfraModule.executeControlTask(infraName); //Logout and login as created user to xld\nloginModule.logout();\nvar password = userName + \"U1\";\nloginModule.login('http://localhost:4516/', userName, password);\ncy.wait(3000); //cy.wait(5000)\ncy.get('._pendo-close-guide').click({\n  force: true\n});\ncy.wait(5000); //Execute task for test local infra\ninfraModule.executeControlTaskLocalInfra(infraDirName, localInfraName); //Control task(all) in monitoring section should display only task executed by tester\nciExplorerSideBarModule.navigateToMonitoring();\nciExplorerSideBarModule.navigateToMonitoringControlTasks(); //cy.get('.task-selected > .tasks-table-owner > .with-popup-content').contains(userName)\ncy.get('td.tasks-table-state > span:nth-child(1)').contains('Executed');",
              "err": {},
              "uuid": "3fe14983-f553-46fe-aaa7-52273a1c8435",
              "parentUUID": "c95e5034-4c06-4a93-a977-9812a19814a0",
              "isHook": false,
              "skipped": true
            },
            {
              "title": "TC: 12 - XLD-Monitoring:Verify  \"Type\" filter functionality for Deployment tasks in Monitoring tab",
              "fullTitle": "Maintenance Release Suite TC: 12 - XLD-Monitoring:Verify  \"Type\" filter functionality for Deployment tasks in Monitoring tab",
              "timedOut": null,
              "duration": 39927,
              "state": "passed",
              "speed": "slow",
              "pass": true,
              "fail": false,
              "pending": false,
              "context": null,
              "code": "ciExplorerSideBarModule.navigateToExplorer();\nciExplorerSideBarModule.navigateToReports();\nreportsModule.navigateToDeployments();\nreportsModule.filterInitialDeployment();\ncy.wait(3000);\ncy.get(reportsPage.tblDeploymentStatus).contains('Initial');\nreportsModule.filterRollbackDeployment();\ncy.wait(3000);\ncy.get(reportsPage.tblDeploymentStatus).contains('Rollback');\nreportsModule.filterUndeployDeployment();\ncy.wait(3000);\ncy.get(reportsPage.tblDeploymentStatus).contains('Undeploy');\nreportsModule.filterUpgradeDeployment();\ncy.wait(3000);\ncy.get(reportsPage.tblDeploymentStatus).contains('Update');",
              "err": {},
              "uuid": "c27d9377-fe5f-4966-a3a7-3fb7bfbeedea",
              "parentUUID": "c95e5034-4c06-4a93-a977-9812a19814a0",
              "isHook": false,
              "skipped": false
            },
            {
              "title": "TC: 13 - XLD-Reports:Verify schedule of a control task(Rescan Artifact)",
              "fullTitle": "Maintenance Release Suite TC: 13 - XLD-Reports:Verify schedule of a control task(Rescan Artifact)",
              "timedOut": null,
              "duration": 5423,
              "state": "failed",
              "speed": null,
              "pass": false,
              "fail": true,
              "pending": false,
              "context": null,
              "code": "//Create Application\nvar appName = appModule.createApp();\nvar appDepPkgName = appModule.createAppDepPkg(appName);\nconst filepath = 'cypress/fixtures/file1.txt';\nvar fileName = appModule.createAppFile(appName, appDepPkgName, filepath); //Rescan Artifact\nappModule.rescanArtifact(appName, appDepPkgName, fileName); //Navigate to control tasks and finish the tasks.\nciExplorerSideBarModule.navigateToMonitoring();\nciExplorerSideBarModule.navigateToMonitoringControlTasks();\nmonitoringModule.executeControlTasks(appName, appDepPkgName, fileName);",
              "err": {
                "message": "TypeError: applicationsPage.rescanArtifact is not a function",
                "estack": "TypeError: applicationsPage.rescanArtifact is not a function\nat rescanArtifact (webpack:///./cypress/support/modules/applicationsModule.js:120:32)\nat ./cypress/e2e/sanityTest.cy.js/ (webpack:///./cypress/e2e/sanityTest.cy.js:299:18)\nat ../driver/src/cypress/cy.ts/setRunnable/runnable.fn (http://localhost:4516/__cypress/runner/cypress_runner.js:157861:43)\nat callFn (http://localhost:4516/__cypress/runner/cypress_runner.js:107989:21)\nat ../driver/node_modules/mocha/lib/runnable.js/</Runnable.prototype.run (http://localhost:4516/__cypress/runner/cypress_runner.js:107976:13)\nat ../driver/src/cypress/runner.ts/create/onRunnableRun (http://localhost:4516/__cypress/runner/cypress_runner.js:165247:30)\nat finallyHandler (http://localhost:4516/__cypress/runner/cypress_runner.js:7881:23)\nat tryCatcher (http://localhost:4516/__cypress/runner/cypress_runner.js:11327:23)\nat ../../node_modules/bluebird/js/release/promise.js/</module.exports/Promise.prototype._settlePromiseFromHandler (http://localhost:4516/__cypress/runner/cypress_runner.js:9262:31)\nat ../../node_modules/bluebird/js/release/promise.js/</module.exports/Promise.prototype._settlePromise (http://localhost:4516/__cypress/runner/cypress_runner.js:9319:18)\nat ../../node_modules/bluebird/js/release/promise.js/</module.exports/Promise.prototype._settlePromise0 (http://localhost:4516/__cypress/runner/cypress_runner.js:9364:10)\nat ../../node_modules/bluebird/js/release/promise.js/</module.exports/Promise.prototype._settlePromises (http://localhost:4516/__cypress/runner/cypress_runner.js:9444:18)\nat _drainQueueStep (http://localhost:4516/__cypress/runner/cypress_runner.js:6034:12)\nat _drainQueue (http://localhost:4516/__cypress/runner/cypress_runner.js:6027:24)\nat ../../node_modules/bluebird/js/release/async.js/</Async.prototype._drainQueues (http://localhost:4516/__cypress/runner/cypress_runner.js:6043:16)\nat ../../node_modules/bluebird/js/release/async.js/</Async/this.drainQueues (http://localhost:4516/__cypress/runner/cypress_runner.js:5913:14)",
                "diff": null
              },
              "uuid": "8ae7ad37-ef89-4cf2-b845-883ad9bd30ea",
              "parentUUID": "c95e5034-4c06-4a93-a977-9812a19814a0",
              "isHook": false,
              "skipped": false
            },
            {
              "title": "TC: 14 - Deploy an application from non admin userTC: 15 - XLD-Verify password strength criteria in GUITC: 16 - XLD-User-Management:Create user, assign role and various permissions to user",
              "fullTitle": "Maintenance Release Suite TC: 14 - Deploy an application from non admin userTC: 15 - XLD-Verify password strength criteria in GUITC: 16 - XLD-User-Management:Create user, assign role and various permissions to user",
              "timedOut": null,
              "duration": 59225,
              "state": "failed",
              "speed": null,
              "pass": false,
              "fail": true,
              "pending": false,
              "context": null,
              "code": "//Create User, Role, Assign Role to user and give deploy permissions\ncy.wait(3000);\nciExplorerSideBarModule.navigateToExplorer();\nciExplorerSideBarModule.navigateToUserManagement();\nvar userName = userManagementModule.addUser();\nuserManagementModule.navigateToRoles();\nvar roleName = userManagementModule.addRoleToUser(userName); //give local permissions for infra, environment and application.\ncy.wait(3000);\nciExplorerSideBarModule.navigateToExplorerFromUserManagement();\ninfraModule.assignInfraPermissionsToRole(roleName);\nenvModule.assignEnvPermissionsToRole(roleName);\nappModule.assignAppPermissionsToRole(roleName); //give global permissions\nciExplorerSideBarModule.navigateToUserManagement();\nuserManagementModule.navigateToPermissions();\nuserManagementModule.assignPermissionsToRole(roleName); //Logout and login as non admin user\nloginModule.logout();\nvar password = userName + \"U1\";\nloginModule.login('http://localhost:4516/', userName, password);\ncy.wait(3000);\ncy.get('._pendo-close-guide').click({\n  force: true\n});\ncy.wait(5000); //Create app, infra, environment and Deploy Applications\nvar infraName = infraModule.createInfra();\ncy.log(\"Infrastructure Name:\" + infraName); //Create Environment with the infrastrucutre created\nvar envName = envModule.createEnv(infraName);\ncy.log(\"Environment Name:\" + envName); //Create Application\nvar appName = appModule.createApp();\nvar appDepPkgName = appModule.createAppDepPkg(appName);\nvar cmd1 = \"systeminfo\";\nvar appCmdExe = appModule.createAppCmdExe(appName, appDepPkgName, cmd1); //Deploy Application\ndeployApplicationModule.deployApplication(appName, envName, appDepPkgName);",
              "err": {
                "message": "AssertionError: Timed out retrying after 25000ms: Expected to find element: `.dip-view-body > div:nth-child(1) > button:nth-child(1)`, but never found it.",
                "estack": "AssertionError: Timed out retrying after 25000ms: Expected to find element: `.dip-view-body > div:nth-child(1) > button:nth-child(1)`, but never found it.\n    at assignEnvPermissionsToRole (webpack:///./cypress/support/modules/environmentsModule.js:31:11)\n    at ./cypress/e2e/sanityTest.cy.js/ (webpack:///./cypress/e2e/sanityTest.cy.js:322:18)\n    at ../driver/src/cypress/cy.ts/setRunnable/runnable.fn (http://localhost:4516/__cypress/runner/cypress_runner.js:157861:43)\n    at callFn (http://localhost:4516/__cypress/runner/cypress_runner.js:107989:21)\n    at ../driver/src/cypress/runner.ts/create/onRunnableRun (http://localhost:4516/__cypress/runner/cypress_runner.js:165247:30)\n    at finallyHandler (http://localhost:4516/__cypress/runner/cypress_runner.js:7881:23)\n    at tryCatcher (http://localhost:4516/__cypress/runner/cypress_runner.js:11327:23)\n    at ../../node_modules/bluebird/js/release/promise.js/</module.exports/Promise.prototype._settlePromiseFromHandler (http://localhost:4516/__cypress/runner/cypress_runner.js:9262:31)\n    at ../../node_modules/bluebird/js/release/promise.js/</module.exports/Promise.prototype._settlePromise (http://localhost:4516/__cypress/runner/cypress_runner.js:9319:18)\n    at ../../node_modules/bluebird/js/release/promise.js/</module.exports/Promise.prototype._settlePromise0 (http://localhost:4516/__cypress/runner/cypress_runner.js:9364:10)\n    at ../../node_modules/bluebird/js/release/promise.js/</module.exports/Promise.prototype._settlePromises (http://localhost:4516/__cypress/runner/cypress_runner.js:9444:18)\n    at _drainQueueStep (http://localhost:4516/__cypress/runner/cypress_runner.js:6034:12)\n    at _drainQueue (http://localhost:4516/__cypress/runner/cypress_runner.js:6027:24)\n    at ../../node_modules/bluebird/js/release/async.js/</Async.prototype._drainQueues (http://localhost:4516/__cypress/runner/cypress_runner.js:6043:16)\n    at ../../node_modules/bluebird/js/release/async.js/</Async/this.drainQueues (http://localhost:4516/__cypress/runner/cypress_runner.js:5913:14)",
                "diff": null
              },
              "uuid": "759f1e63-27f7-4ffb-ace1-e62f11829c6c",
              "parentUUID": "c95e5034-4c06-4a93-a977-9812a19814a0",
              "isHook": false,
              "skipped": false
            }
          ],
          "suites": [],
          "passes": [
            "ec738c5f-3b28-45ad-b8f5-d815c397b87c",
            "dafba20e-a799-4abe-a15a-3c21a50406c6",
            "1403823d-bf46-49da-a0c4-af91c25b9f70",
            "5809af65-4695-4be6-90af-1201755d86ce",
            "1b4a855c-d17e-422a-8110-1481df120195",
            "afce9178-2a29-4545-b7dd-e98061431484",
            "34627e23-b525-46ef-b0fd-0c989313d3eb",
            "ddec9090-e4ab-4d42-8e15-3095743552d4",
            "c27d9377-fe5f-4966-a3a7-3fb7bfbeedea"
          ],
          "failures": [
            "58d23484-82bf-4b9c-b8b9-c11ab170d00c",
            "8ae7ad37-ef89-4cf2-b845-883ad9bd30ea",
            "759f1e63-27f7-4ffb-ace1-e62f11829c6c"
          ],
          "pending": [],
          "skipped": [
            "23cb7b92-bc4c-4ccd-acc0-48737c420a11",
            "3fe14983-f553-46fe-aaa7-52273a1c8435"
          ],
          "duration": 482234,
          "root": false,
          "rootEmpty": false,
          "_timeout": 2000
        }
      ],
      "passes": [],
      "failures": [],
      "pending": [],
      "skipped": [],
      "duration": 0,
      "root": true,
      "rootEmpty": true,
      "_timeout": 2000
    }
  ],
  "meta": {
    "mocha": {
      "version": "7.0.1"
    },
    "mochawesome": {
      "options": {
        "quiet": false,
        "reportFilename": "mochawesome",
        "saveHtml": true,
        "saveJson": true,
        "consoleReporter": "spec",
        "useInlineDiffs": false,
        "code": true
      },
      "version": "7.1.3"
    },
    "marge": {
      "options": {
        "id": "default",
        "reportDir": "cypress/results/json",
        "overwrite": false,
        "html": true,
        "json": true,
        "charts": true
      },
      "version": "6.2.0"
    }
  }
}