{
  "stats": {
    "suites": 1,
    "tests": 1,
    "passes": 1,
    "pending": 0,
    "failures": 0,
    "start": "2023-01-09T13:19:12.891Z",
    "end": "2023-01-09T13:19:15.974Z",
    "duration": 3083,
    "testsRegistered": 1,
    "passPercent": 100,
    "pendingPercent": 0,
    "other": 0,
    "hasOther": false,
    "skipped": 0,
    "hasSkipped": false
  },
  "results": [
    {
      "uuid": "5f621c47-265b-49cd-bd9f-9179d4677da7",
      "title": "",
      "fullFile": "cypress\\e2e\\spec.cy.js",
      "file": "cypress\\e2e\\spec.cy.js",
      "beforeHooks": [],
      "afterHooks": [],
      "tests": [],
      "suites": [
        {
          "uuid": "25262d54-d12d-4eaf-bb98-c2efcbe7ebed",
          "title": "Maintenance Release Suite",
          "fullFile": "",
          "file": "",
          "beforeHooks": [],
          "afterHooks": [],
          "tests": [
            {
              "title": "Deployment of applications",
              "fullTitle": "Maintenance Release Suite Deployment of applications",
              "timedOut": null,
              "duration": 1042,
              "state": "passed",
              "speed": "fast",
              "pass": true,
              "fail": false,
              "pending": false,
              "context": null,
              "code": "/*//Login to application\nloginPage.login('http://localhost:4516/', 'admin', 'admin')\n  //Create Localhost Windows Infrastructure\nvar infraName = infraPage.createInfra()\ncy.log(\"Infrastructure Name:\" + infraName)\n  //Create Environment with the infrastrucutre created\nvar envName = envPage.createEnv(infraName)\ncy.log(\"Environment Name:\" + envName)\n  //Create Application\nvar appName = appPage.createApp()\nvar appDepPkgName = appPage.createAppDepPkg(appName)\nvar cmd1 = \"systeminfo\"\nvar appCmdExe = appPage.createAppCmdExe(appName, appDepPkgName,cmd1)\n  //Deploy Application\ndeployApplicationPage.deployApplication(appName, envName)\ndeployApplicationPage.undeployApplication(appName, envName)*/",
              "err": {},
              "uuid": "0ae24046-2133-40b2-b8fa-4de4050e1165",
              "parentUUID": "25262d54-d12d-4eaf-bb98-c2efcbe7ebed",
              "isHook": false,
              "skipped": false
            }
          ],
          "suites": [],
          "passes": [
            "0ae24046-2133-40b2-b8fa-4de4050e1165"
          ],
          "failures": [],
          "pending": [],
          "skipped": [],
          "duration": 1042,
          "root": false,
          "rootEmpty": false,
          "_timeout": 2000
        }
      ],
      "passes": [],
      "failures": [],
      "pending": [],
      "skipped": [],
      "duration": 0,
      "root": true,
      "rootEmpty": true,
      "_timeout": 2000
    }
  ],
  "meta": {
    "mocha": {
      "version": "7.0.1"
    },
    "mochawesome": {
      "options": {
        "quiet": false,
        "reportFilename": "mochawesome",
        "saveHtml": true,
        "saveJson": true,
        "consoleReporter": "spec",
        "useInlineDiffs": false,
        "code": true
      },
      "version": "7.1.3"
    },
    "marge": {
      "options": {
        "id": "default",
        "reportDir": "cypress/results/json",
        "overwrite": false,
        "html": true,
        "json": true,
        "charts": true
      },
      "version": "6.2.0"
    }
  }
}