{
  "stats": {
    "suites": 1,
    "tests": 12,
    "passes": 11,
    "pending": 2,
    "failures": -1,
    "start": "2023-01-06T04:21:54.429Z",
    "end": "2023-01-06T04:31:30.908Z",
    "duration": 576479,
    "testsRegistered": 14,
    "passPercent": 91.66666666666666,
    "pendingPercent": 14.285714285714285,
    "other": 2,
    "hasOther": true,
    "skipped": 2,
    "hasSkipped": true
  },
  "results": [
    {
      "uuid": "88824c16-3fab-48af-864d-e612cc00fe5b",
      "title": "",
      "fullFile": "cypress\\e2e\\sanityTest.cy.js",
      "file": "cypress\\e2e\\sanityTest.cy.js",
      "beforeHooks": [],
      "afterHooks": [],
      "tests": [],
      "suites": [
        {
          "uuid": "ed3f6fad-bd36-4715-ab6f-d53e3e7d5e3b",
          "title": "Maintenance Release Suite",
          "fullFile": "",
          "file": "",
          "beforeHooks": [],
          "afterHooks": [],
          "tests": [
            {
              "title": "TC: 1 - Verify login screen customization with message",
              "fullTitle": "Maintenance Release Suite TC: 1 - Verify login screen customization with message",
              "timedOut": null,
              "duration": 18944,
              "state": "passed",
              "speed": "slow",
              "pass": true,
              "fail": false,
              "pending": false,
              "context": null,
              "code": "//Navigate to Settings page and add login screen message\nciexpSideBarPage.navigateToSettings();\nsettingsPage.addLoginScreenMessage(\"Test\");\nloginPage.logout();\ncy.get('.auth-message').contains(\"Test\");",
              "err": {},
              "uuid": "12876883-40c4-4625-8f38-8ae0b1b426e7",
              "parentUUID": "ed3f6fad-bd36-4715-ab6f-d53e3e7d5e3b",
              "isHook": false,
              "skipped": false
            },
            {
              "title": "TC: 2 - XLD-Deployment:Verify that admin user can not delete admin user",
              "fullTitle": "Maintenance Release Suite TC: 2 - XLD-Deployment:Verify that admin user can not delete admin user",
              "timedOut": null,
              "duration": 7752,
              "state": "passed",
              "speed": "medium",
              "pass": true,
              "fail": false,
              "pending": false,
              "context": null,
              "code": "ciexpSideBarPage.navigateToExplorer();\nciexpSideBarPage.navigateToUserManagement();\ncy.get('table tbody tr').filter(':has(td:nth-child(1):contains(\"admin\"))').filter(':has(td:nth-child(2):contains(\"Edit\"))').and('not.include.text', \"Delete\").and('include.text', \"Edit\");",
              "err": {},
              "uuid": "0d3530ef-838a-424c-8c81-b8a546f8df46",
              "parentUUID": "ed3f6fad-bd36-4715-ab6f-d53e3e7d5e3b",
              "isHook": false,
              "skipped": false
            },
            {
              "title": "TC: 3 - Verify is stitch section is displayed",
              "fullTitle": "Maintenance Release Suite TC: 3 - Verify is stitch section is displayed",
              "timedOut": null,
              "duration": 6511,
              "state": "passed",
              "speed": "medium",
              "pass": true,
              "fail": false,
              "pending": false,
              "context": null,
              "code": "ciexpSideBarPage.navigateToExplorer();\ncy.get('h6.MuiTypography-root').contains('Stitch');\ncy.get('li.MuiButtonBase-root:nth-child(5) > span:nth-child(1) > p:nth-child(2)').contains('Rules and Macros');\ncy.get('li.MuiButtonBase-root:nth-child(6) > span:nth-child(1) > p:nth-child(2)').contains('GitOps');\ncy.get('li.MuiButtonBase-root:nth-child(7) > span:nth-child(1) > p:nth-child(2)').contains('Local sources');",
              "err": {},
              "uuid": "4ed8f621-9e0b-4fb9-b14a-131e05fdd5dd",
              "parentUUID": "ed3f6fad-bd36-4715-ab6f-d53e3e7d5e3b",
              "isHook": false,
              "skipped": false
            },
            {
              "title": "TC: 4 - XLD-Validate settings tab for deploy",
              "fullTitle": "Maintenance Release Suite TC: 4 - XLD-Validate settings tab for deploy",
              "timedOut": null,
              "duration": 13907,
              "state": "passed",
              "speed": "slow",
              "pass": true,
              "fail": false,
              "pending": false,
              "context": null,
              "code": "//Navigate to Settings\nciexpSideBarPage.navigateToSettings(); //Change Header color\ncy.get('.color-swatch').click();\ncy.get('div.color-swatch:nth-child(4)').click(); //Add Instance Name and verify its available in top left side\ncy.get('input[name=instanceName]').clear().type(\"xlr_prod\");\ncy.get('button[type=button]').contains('Save').click();\ncy.get('div.instance-name:nth-child(1) > label:nth-child(1)').contains('xlr_prod');",
              "err": {},
              "uuid": "a83b8f2a-59ee-4d9c-881f-c83eb1995f38",
              "parentUUID": "ed3f6fad-bd36-4715-ab6f-d53e3e7d5e3b",
              "isHook": false,
              "skipped": false
            },
            {
              "title": "TC: 5 - Verify Logo file is displayed in settings tab",
              "fullTitle": "Maintenance Release Suite TC: 5 - Verify Logo file is displayed in settings tab",
              "timedOut": null,
              "duration": 21426,
              "state": "passed",
              "speed": "slow",
              "pass": true,
              "fail": false,
              "pending": false,
              "context": null,
              "code": "//Navigate to Settings page, check save button disabled and digital ai image logo displayed\nciexpSideBarPage.navigateToSettings();\ncy.get('.save').should('be.disabled');\ncy.get('div').find('img').should('have.attr', 'src').should('include', 'ciExplorerDist/libs/images/deploy-logo-5506ebfd2a8b504f81b5ba636d1746ca.svg'); //New logo file to be uploaded and displayed\nconst filepath = 'cypress/fixtures/test1.jpg';\nsettingsPage.uploadLogoFile(filepath);\nsettingsPage.clearLogoFile();",
              "err": {},
              "uuid": "2ae20539-1464-4143-a475-cc512f6c7cea",
              "parentUUID": "ed3f6fad-bd36-4715-ab6f-d53e3e7d5e3b",
              "isHook": false,
              "skipped": false
            },
            {
              "title": "TC: 6 - Verify Features is present in settings tab",
              "fullTitle": "Maintenance Release Suite TC: 6 - Verify Features is present in settings tab",
              "timedOut": null,
              "duration": 17657,
              "state": "passed",
              "speed": "slow",
              "pass": true,
              "fail": false,
              "pending": false,
              "context": null,
              "code": "//Navigate to User Management\nciexpSideBarPage.navigateToSettings();\nciexpSideBarPage.navigateToFeatures();\ncy.wait(3000);\ncy.get('div.xl-react-dip-dynamic-form-element:nth-child(2) > div:nth-child(1) > div:nth-child(2) > input:nth-child(1)').uncheck().should('not.be.checked');\ncy.get('div.xl-react-dip-dynamic-form-element:nth-child(2) > div:nth-child(1) > div:nth-child(2) > input:nth-child(1)').check().should('be.checked');\ncy.get('.features-container > div:nth-child(2) > button:nth-child(1)').contains('Save').click({\n  force: true\n});\ncy.wait(3000);\ncy.get('span.dot-typography').click({\n  force: true\n});\ncy.get('.userProfile > span:nth-child(2)').click({\n  force: true\n});\ncy.get('.pendo-header-title').contains('Product analytics and guidance');\ncy.get('div.xl-react-components-input:nth-child(4) > input:nth-child(1)').should('be.checked');",
              "err": {},
              "uuid": "f0b16e96-309d-4636-8771-8c349cdb3c7a",
              "parentUUID": "ed3f6fad-bd36-4715-ab6f-d53e3e7d5e3b",
              "isHook": false,
              "skipped": false
            },
            {
              "title": "TC: 7 - Verify list displayed in settings icons perform actions as expected",
              "fullTitle": "Maintenance Release Suite TC: 7 - Verify list displayed in settings icons perform actions as expected",
              "timedOut": null,
              "duration": 14192,
              "state": "passed",
              "speed": "slow",
              "pass": true,
              "fail": false,
              "pending": false,
              "context": null,
              "code": "//List under settings is displayed as expected\ncy.get('.icon-settings').click({\n  force: true\n});\ncy.get('.settings > span:nth-child(2)').contains('Settings');\ncy.get('.renewLicense > span:nth-child(2)').contains('Renew license');\ncy.get('.viewAs > span:nth-child(2)').contains('View as');\ncy.get('.maintenanceMode > span:nth-child(2)').contains('Maintenance mode');\ncy.get('.about > span:nth-child(2)').contains('About');\ncy.get('.systemInformation > span:nth-child(2)').contains('System information'); //About and system information displays as expected\ncy.get('.about > span:nth-child(2)').click({\n  force: true\n});\ncy.window().then(function (p) {\n  cy.get('span.title:nth-child(1)').contains('About');\n  cy.get('.server-version').contains('Server version:');\n  cy.get('i.close-icon:nth-child(1)').click({\n    force: true\n  });\n});\ncy.get('.icon-settings').click({\n  force: true\n});\ncy.get('.systemInformation > span:nth-child(2)').click({\n  force: true\n});\ncy.window().then(function (p) {\n  cy.get('span.title:nth-child(1)').contains('System information');\n  cy.get('.statistics-title > h3:nth-child(1)').contains('Deploy system information');\n  cy.get('i.close-icon:nth-child(1)').click({\n    force: true\n  });\n}); //Check help link and docs page working\ncy.get('.icon-help').click({\n  force: true\n});\ncy.get('.onlineDocumentation').should('have.attr', 'href', 'https://docs.xebialabs.com');",
              "err": {},
              "uuid": "d005e374-f5db-4ab6-b7a4-553537200a5a",
              "parentUUID": "ed3f6fad-bd36-4715-ab6f-d53e3e7d5e3b",
              "isHook": false,
              "skipped": false
            },
            {
              "title": "TC: 8 - XLD-Verify that User with deploy_admin_read_only role shall have view permission for XLD",
              "fullTitle": "Maintenance Release Suite TC: 8 - XLD-Verify that User with deploy_admin_read_only role shall have view permission for XLD",
              "timedOut": null,
              "duration": 85712,
              "state": "passed",
              "speed": "slow",
              "pass": true,
              "fail": false,
              "pending": false,
              "context": null,
              "code": "//Create User, Role, Assign Role to user and give deploy permissions\ncy.wait(3000);\nmenuPage.navigateToExplorer();\nmenuPage.navigateToUserManagement();\nvar userName = userManagementPage.addUser();\nuserManagementPage.navigateToRoles();\nuserManagementPage.assigndeployAdminReadRoleToUser(userName); //Logout and login as non admin user\nloginPage.logout();\nvar password = userName + \"U1\";\nloginPage.login('http://localhost:4516/', userName, password);\ncy.get('._pendo-close-guide').click({\n  force: true\n});\ncy.wait(5000);\nvar checkAppPermissions = appPage.checkAppPermissions(); //re-login as admin and unassign the permissions\nloginPage.logout();\nloginPage.login('http://localhost:4516/', 'admin', 'admin');\nmenuPage.navigateToExplorer();\nmenuPage.navigateToUserManagement();\nuserManagementPage.navigateToRoles();\nuserManagementPage.unassigndeployAdminReadRoleToUser();",
              "err": {},
              "uuid": "85d0a391-b595-4788-a4f3-3a62086593c4",
              "parentUUID": "ed3f6fad-bd36-4715-ab6f-d53e3e7d5e3b",
              "isHook": false,
              "skipped": false
            },
            {
              "title": "TC: 9 - Verify if plugins can be installed",
              "fullTitle": "Maintenance Release Suite TC: 9 - Verify if plugins can be installed",
              "timedOut": null,
              "duration": 0,
              "state": "pending",
              "speed": null,
              "pass": false,
              "fail": false,
              "pending": false,
              "context": null,
              "code": "//Navigate to User Management\nciexpSideBarPage.navigateToExplorer();\nciexpSideBarPage.navigateToPlugins();\ncy.wait(3000);\ncy.get('div.PluginList__tile___2jNVB:nth-child(2) > div:nth-child(1) > button:nth-child(2)').click({\n  force: true\n});\ncy.wait(3000);",
              "err": {},
              "uuid": "bc5c6f41-b355-456d-b168-5432bdb8a789",
              "parentUUID": "ed3f6fad-bd36-4715-ab6f-d53e3e7d5e3b",
              "isHook": false,
              "skipped": true
            },
            {
              "title": "TC: 10 - XLD-Applications:Create CMD application package and TC: 11 - XLD-Deployment:Update deployment and verify the task",
              "fullTitle": "Maintenance Release Suite TC: 10 - XLD-Applications:Create CMD application package and TC: 11 - XLD-Deployment:Update deployment and verify the task",
              "timedOut": null,
              "duration": 200537,
              "state": "passed",
              "speed": "slow",
              "pass": true,
              "fail": false,
              "pending": false,
              "context": null,
              "code": "//Create Localhost Windows Infrastructure\nvar infraName = infraPage.createInfra();\ncy.log(\"Infrastructure Name:\" + infraName); //Create Environment with the infrastrucutre created\nvar envName = envPage.createEnv(infraName); //Create Application\nvar appName = appPage.createApp();\nvar appDepPkgName = appPage.createAppDepPkg(appName);\nvar cmd1 = \"systeminfo\";\nvar appCmdExe = appPage.createAppCmdExe(appName, appDepPkgName, cmd1);\nvar appDepPkgUpgradeName = appPage.createAppDepPkgUpgrade(appName);\nvar cmd2 = \"dir\";\nvar appCmdExeForUpgrade = appPage.createAppCmdExeForUpgrade(appName, appDepPkgUpgradeName, cmd2); //Rollback Application\ndeployApplicationPage.rollbackApplication(appName, envName, appDepPkgName); //Deploy Application\ndeployApplicationPage.deployApplication(appName, envName, appDepPkgName); //Upgrade Application\ndeployApplicationPage.upgradeApplication(appName, envName, appDepPkgUpgradeName); //Undeploy Application\ndeployApplicationPage.undeployApplication(appName, envName);",
              "err": {},
              "uuid": "b5f7118f-b5cc-44ad-817b-f6e928234a3b",
              "parentUUID": "ed3f6fad-bd36-4715-ab6f-d53e3e7d5e3b",
              "isHook": false,
              "skipped": false
            },
            {
              "title": "TC: 6 - XLD-Monitoring_control all task should display only tasks with permission",
              "fullTitle": "Maintenance Release Suite TC: 6 - XLD-Monitoring_control all task should display only tasks with permission",
              "timedOut": null,
              "duration": 0,
              "state": "pending",
              "speed": null,
              "pass": false,
              "fail": false,
              "pending": false,
              "context": null,
              "code": "//Create User, Role, Assign Role to user and give deploy permissions\nmenuPage.navigateToExplorer();\nmenuPage.navigateToUserManagement();\nvar userName = userManagementPage.addUser();\nuserManagementPage.navigateToRoles();\nvar roleName = userManagementPage.addRoleToUser(userName); //give local permissions for infra, environment and application.\ncy.wait(3000);\nmenuPage.navigateToExplorerFromUserManagement();\ninfraPage.assignInfraPermissionsToRole(roleName);\nenvPage.assignEnvPermissionsToRole(roleName);\nappPage.assignAppPermissionsToRole(roleName); //give global permissions for login and report view\nmenuPage.navigateToUserManagement();\nuserManagementPage.navigateToPermissions();\nuserManagementPage.assignLoginAndReportPermissionsToRole(roleName); //Navigate to infrastructure and create a new directory 'test'.\nmenuPage.navigateToExplorerFromUserManagement();\ncy.wait(3000);\nvar infraDirName = infraPage.createInfraDirectory();\ncy.log(\"Infrastructure Name:\" + infraDirName);\ninfraPage.navigateToInfraDirectory(infraDirName); //Give permissions to the user for the directory\n//userManagementPage.assignInfraDirPerToRole(roleName)\n//Create a new infrastructure globally.\nvar infraName = infraPage.createInfra(); //Create a new infrastructure inside the directory.\nvar localInfraName = infraPage.createInfraInsideDirectory(infraDirName); //Execute control task for global infra\ninfraPage.executeControlTask(infraName); //Logout and login as created user to xld\nloginPage.logout();\nvar password = userName + \"U1\";\nloginPage.login('http://localhost:4516/', userName, password);\ncy.wait(3000); //cy.wait(5000)\ncy.get('._pendo-close-guide').click({\n  force: true\n});\ncy.wait(5000); //Execute task for test local infra\ninfraPage.executeControlTaskLocalInfra(infraDirName, localInfraName); //Control task(all) in monitoring section should display only task executed by tester\nmenuPage.navigateToMonitoring();\nmenuPage.navigateToMonitoringControlTasks(); //cy.get('.task-selected > .tasks-table-owner > .with-popup-content').contains(userName)\ncy.get('td.tasks-table-state > span:nth-child(1)').contains('Executed');",
              "err": {},
              "uuid": "02ee1a58-9895-4a67-89ec-ad3a4c269452",
              "parentUUID": "ed3f6fad-bd36-4715-ab6f-d53e3e7d5e3b",
              "isHook": false,
              "skipped": true
            },
            {
              "title": "TC: 12 - XLD-Monitoring:Verify  \"Type\" filter functionality for Deployment tasks in Monitoring tab",
              "fullTitle": "Maintenance Release Suite TC: 12 - XLD-Monitoring:Verify  \"Type\" filter functionality for Deployment tasks in Monitoring tab",
              "timedOut": null,
              "duration": 34862,
              "state": "passed",
              "speed": "slow",
              "pass": true,
              "fail": false,
              "pending": false,
              "context": null,
              "code": "ciexpSideBarPage.navigateToExplorer();\nciexpSideBarPage.navigateToReports();\nreportsPage.navigateToDeployments();\nreportsPage.filterInitialDeployment();\ncy.wait(3000);\ncy.get(':nth-child(1) > .report-table-type > .with-popup-content').contains('Initial');\nreportsPage.filterRollbackDeployment();\ncy.wait(3000);\ncy.get(':nth-child(1) > .report-table-type > .with-popup-content').contains('Rollback');\nreportsPage.filterUndeployDeployment();\ncy.wait(3000);\ncy.get(':nth-child(1) > .report-table-type > .with-popup-content').contains('Undeploy');\nreportsPage.filterUpgradeDeployment();\ncy.wait(3000);\ncy.get(':nth-child(1) > .report-table-type > .with-popup-content').contains('Update');",
              "err": {},
              "uuid": "49a36321-364f-42ca-9280-a4021a68ee04",
              "parentUUID": "ed3f6fad-bd36-4715-ab6f-d53e3e7d5e3b",
              "isHook": false,
              "skipped": false
            },
            {
              "title": "TC: 13 - XLD-Reports:Verify schedule of a control task(Rescan Artifact)",
              "fullTitle": "Maintenance Release Suite TC: 13 - XLD-Reports:Verify schedule of a control task(Rescan Artifact)",
              "timedOut": null,
              "duration": 73688,
              "state": "passed",
              "speed": "slow",
              "pass": true,
              "fail": false,
              "pending": false,
              "context": null,
              "code": "//Create Application\nvar appName = appPage.createApp();\nvar appDepPkgName = appPage.createAppDepPkg(appName);\nconst filepath = 'cypress/fixtures/file1.txt';\nvar fileName = appPage.createAppFile(appName, appDepPkgName, filepath); //Rescan Artifact\nappPage.rescanArtifact(appName, appDepPkgName, fileName); //Navigate to control tasks and finish the tasks.\nmenuPage.navigateToMonitoring();\nmenuPage.navigateToMonitoringControlTasks();\nmonitoringPage.executeControlTasks(appName, appDepPkgName, fileName);",
              "err": {},
              "uuid": "50ab8109-7f4b-4450-9af1-bb4d2f580bd3",
              "parentUUID": "ed3f6fad-bd36-4715-ab6f-d53e3e7d5e3b",
              "isHook": false,
              "skipped": false
            },
            {
              "title": "TC: 14 - Deploy an application from non admin userTC: 15 - XLD-Verify password strength criteria in GUITC: 16 - XLD-User-Management:Create user, assign role and various permissions to user",
              "fullTitle": "Maintenance Release Suite TC: 14 - Deploy an application from non admin userTC: 15 - XLD-Verify password strength criteria in GUITC: 16 - XLD-User-Management:Create user, assign role and various permissions to user",
              "timedOut": null,
              "duration": 77634,
              "state": "failed",
              "speed": null,
              "pass": false,
              "fail": true,
              "pending": false,
              "context": null,
              "code": "//Create User, Role, Assign Role to user and give deploy permissions\ncy.wait(3000);\nmenuPage.navigateToExplorer();\nmenuPage.navigateToUserManagement();\nvar userName = userManagementPage.addUser();\nuserManagementPage.navigateToRoles();\nvar roleName = userManagementPage.addRoleToUser(userName); //give local permissions for infra, environment and application.\ncy.wait(3000);\nmenuPage.navigateToExplorerFromUserManagement();\ninfraPage.assignInfraPermissionsToRole(roleName);\nenvPage.assignEnvPermissionsToRole(roleName);\nappPage.assignAppPermissionsToRole(roleName); //give global permissions\nmenuPage.navigateToUserManagement();\nuserManagementPage.navigateToPermissions();\nuserManagementPage.assignPermissionsToRole(roleName); //Logout and login as non admin user\nloginPage.logout();\nvar password = userName + \"U1\";\nloginPage.login('http://localhost:4516/', userName, password);\ncy.wait(3000);\ncy.get('._pendo-close-guide').click({\n  force: true\n});\ncy.wait(5000); //Create app, infra, environment and Deploy Applications\nvar infraName = infraPage.createInfra();\ncy.log(\"Infrastructure Name:\" + infraName); //Create Environment with the infrastrucutre created\nvar envName = envPage.createEnv(infraName);\ncy.log(\"Environment Name:\" + envName); //Create Application\nvar appName = appPage.createApp();\nvar appDepPkgName = appPage.createAppDepPkg(appName);\nvar cmd1 = \"systeminfo\";\nvar appCmdExe = appPage.createAppCmdExe(appName, appDepPkgName, cmd1); //Deploy Application\ndeployApplicationPage.deployApplication(appName, envName, appDepPkgName);",
              "err": {
                "message": "AssertionError: Timed out retrying after 25000ms: Expected to find element: `._pendo-close-guide`, but never found it.",
                "estack": "AssertionError: Timed out retrying after 25000ms: Expected to find element: `._pendo-close-guide`, but never found it.\n    at ./cypress/e2e/sanityTest.cy.js/ (webpack:///./cypress/e2e/sanityTest.cy.js:317:11)\n    at ../driver/src/cypress/cy.ts/setRunnable/runnable.fn (http://localhost:4516/__cypress/runner/cypress_runner.js:157861:43)\n    at callFn (http://localhost:4516/__cypress/runner/cypress_runner.js:107989:21)\n    at ../driver/src/cypress/runner.ts/create/onRunnableRun (http://localhost:4516/__cypress/runner/cypress_runner.js:165247:30)\n    at finallyHandler (http://localhost:4516/__cypress/runner/cypress_runner.js:7881:23)\n    at tryCatcher (http://localhost:4516/__cypress/runner/cypress_runner.js:11327:23)\n    at ../../node_modules/bluebird/js/release/promise.js/</module.exports/Promise.prototype._settlePromiseFromHandler (http://localhost:4516/__cypress/runner/cypress_runner.js:9262:31)\n    at ../../node_modules/bluebird/js/release/promise.js/</module.exports/Promise.prototype._settlePromise (http://localhost:4516/__cypress/runner/cypress_runner.js:9319:18)\n    at ../../node_modules/bluebird/js/release/promise.js/</module.exports/Promise.prototype._settlePromise0 (http://localhost:4516/__cypress/runner/cypress_runner.js:9364:10)\n    at ../../node_modules/bluebird/js/release/promise.js/</module.exports/Promise.prototype._settlePromises (http://localhost:4516/__cypress/runner/cypress_runner.js:9444:18)\n    at _drainQueueStep (http://localhost:4516/__cypress/runner/cypress_runner.js:6034:12)\n    at _drainQueue (http://localhost:4516/__cypress/runner/cypress_runner.js:6027:24)\n    at ../../node_modules/bluebird/js/release/async.js/</Async.prototype._drainQueues (http://localhost:4516/__cypress/runner/cypress_runner.js:6043:16)\n    at ../../node_modules/bluebird/js/release/async.js/</Async/this.drainQueues (http://localhost:4516/__cypress/runner/cypress_runner.js:5913:14)",
                "diff": null
              },
              "uuid": "d3d12791-a77c-4f39-aea1-1fcd13c9dbb2",
              "parentUUID": "ed3f6fad-bd36-4715-ab6f-d53e3e7d5e3b",
              "isHook": false,
              "skipped": false
            }
          ],
          "suites": [],
          "passes": [
            "12876883-40c4-4625-8f38-8ae0b1b426e7",
            "0d3530ef-838a-424c-8c81-b8a546f8df46",
            "4ed8f621-9e0b-4fb9-b14a-131e05fdd5dd",
            "a83b8f2a-59ee-4d9c-881f-c83eb1995f38",
            "2ae20539-1464-4143-a475-cc512f6c7cea",
            "f0b16e96-309d-4636-8771-8c349cdb3c7a",
            "d005e374-f5db-4ab6-b7a4-553537200a5a",
            "85d0a391-b595-4788-a4f3-3a62086593c4",
            "b5f7118f-b5cc-44ad-817b-f6e928234a3b",
            "49a36321-364f-42ca-9280-a4021a68ee04",
            "50ab8109-7f4b-4450-9af1-bb4d2f580bd3"
          ],
          "failures": [
            "d3d12791-a77c-4f39-aea1-1fcd13c9dbb2"
          ],
          "pending": [],
          "skipped": [
            "bc5c6f41-b355-456d-b168-5432bdb8a789",
            "02ee1a58-9895-4a67-89ec-ad3a4c269452"
          ],
          "duration": 572822,
          "root": false,
          "rootEmpty": false,
          "_timeout": 2000
        }
      ],
      "passes": [],
      "failures": [],
      "pending": [],
      "skipped": [],
      "duration": 0,
      "root": true,
      "rootEmpty": true,
      "_timeout": 2000
    }
  ],
  "meta": {
    "mocha": {
      "version": "7.0.1"
    },
    "mochawesome": {
      "options": {
        "quiet": false,
        "reportFilename": "mochawesome",
        "saveHtml": true,
        "saveJson": true,
        "consoleReporter": "spec",
        "useInlineDiffs": false,
        "code": true
      },
      "version": "7.1.3"
    },
    "marge": {
      "options": {
        "id": "default",
        "reportDir": "cypress/results/json",
        "overwrite": false,
        "html": true,
        "json": true,
        "charts": true
      },
      "version": "6.2.0"
    }
  }
}