{
  "stats": {
    "suites": 1,
    "tests": 1,
    "passes": 1,
    "pending": 0,
    "failures": 0,
    "start": "2023-01-03T10:05:28.469Z",
    "end": "2023-01-03T10:05:28.531Z",
    "duration": 62,
    "testsRegistered": 1,
    "passPercent": 100,
    "pendingPercent": 0,
    "other": 0,
    "hasOther": false,
    "skipped": 0,
    "hasSkipped": false
  },
  "results": [
    {
      "uuid": "6182687c-7eae-444b-a183-756741ab2116",
      "title": "",
      "fullFile": "cypress\\e2e\\spec.cy.js",
      "file": "cypress\\e2e\\spec.cy.js",
      "beforeHooks": [],
      "afterHooks": [],
      "tests": [],
      "suites": [
        {
          "uuid": "392e853d-1606-44db-af0a-68a4880d176f",
          "title": "XL-Deploy - Maintenance Release Test Suite Report",
          "fullFile": "",
          "file": "",
          "beforeHooks": [],
          "afterHooks": [],
          "tests": [
            {
              "title": "Deployment of applications",
              "fullTitle": "Maintenance Release Suite Deployment of applications",
              "timedOut": null,
              "duration": 30,
              "state": "passed",
              "speed": "fast",
              "pass": true,
              "fail": false,
              "pending": false,
              "context": null,
              "code": "/*//Login to application\nloginPage.login('http://localhost:4516/', 'admin', 'admin')\n  //Create Localhost Windows Infrastructure\nvar infraName = infraPage.createInfra()\ncy.log(\"Infrastructure Name:\" + infraName)\n  //Create Environment with the infrastrucutre created\nvar envName = envPage.createEnv(infraName)\ncy.log(\"Environment Name:\" + envName)\n  //Create Application\nvar appName = appPage.createApp()\nvar appDepPkgName = appPage.createAppDepPkg(appName)\nvar cmd1 = \"systeminfo\"\nvar appCmdExe = appPage.createAppCmdExe(appName, appDepPkgName,cmd1)\n  //Deploy Application\ndeployApplicationPage.deployApplication(appName, envName)\ndeployApplicationPage.undeployApplication(appName, envName)*/",
              "err": {},
              "uuid": "062144de-01b2-46b4-a6eb-d34235e5bcb1",
              "parentUUID": "392e853d-1606-44db-af0a-68a4880d176f",
              "isHook": false,
              "skipped": false
            }
          ],
          "suites": [],
          "passes": [
            "062144de-01b2-46b4-a6eb-d34235e5bcb1"
          ],
          "failures": [],
          "pending": [],
          "skipped": [],
          "duration": 30,
          "root": false,
          "rootEmpty": false,
          "_timeout": 2000
        }
      ],
      "passes": [],
      "failures": [],
      "pending": [],
      "skipped": [],
      "duration": 0,
      "root": true,
      "rootEmpty": true,
      "_timeout": 2000
    }
  ],
  "meta": {
    "mocha": {
      "version": "7.0.1"
    },
    "mochawesome": {
      "options": {
        "quiet": false,
        "reportFilename": "mochawesome",
        "saveHtml": true,
        "saveJson": true,
        "consoleReporter": "spec",
        "useInlineDiffs": false,
        "code": true
      },
      "version": "7.1.3"
    },
    "marge": {
      "options": null,
      "version": "6.2.0"
    }
  }
}